<?xml version="1.0" encoding="UTF-8"?>
<!-- Generated by org.testng.reporters.JUnitReportReporter -->
<testsuite hostname="DESKTOP-1I2EA29" name="com.maven.proj.A2" tests="1" failures="0" timestamp="11 May 2019 08:07:59 GMT" time="0.009" errors="0">
  <testcase name="getTitleTest" time="0.009" classname="com.maven.proj.A2"/>
</testsuite> <!-- com.maven.proj.A2 -->
