<?xml version="1.0" encoding="UTF-8"?>
<!-- Generated by org.testng.reporters.JUnitReportReporter -->
<testsuite skipped="0" hostname="DESKTOP-1I2EA29" name="com.maven.proj.A1" tests="1" failures="0" timestamp="27 May 2019 17:19:58 GMT" time="31.072" errors="0">
  <testcase name="loginTest" time="31.072" classname="com.maven.proj.A1"/>
</testsuite> <!-- com.maven.proj.A1 -->
